# JRE version: OpenJDK Runtime Environment Microsoft-11369865 (17.0.15+6) (build 17.0.15+6-LTS)
# Java VM: OpenJDK 64-Bit Server VM Microsoft-11369865 (17.0.15+6-LTS, mixed mode, sharing, tiered, compressed oops, compressed class ptrs, g1 gc, windows-amd64)
GC Precious Log:
 CPUs: 4 total, 4 available
 Memory: 3852M
 Large Page Support: Disabled
 NUMA Support: Disabled
 Compressed Oops: Enabled (32-bit)
 Heap Region Size: 1M
 Heap Min Capacity: 256M
 Heap Initial Capacity: 256M
 Heap Max Capacity: 512M
 Pre-touch: Disabled
 Parallel Workers: 4
 Concurrent Workers: 1
 Concurrent Refinement Workers: 4
 Periodic GC: Disabled
Heap:
 garbage-first heap   total 262144K, used 70646K [0x00000000e0000000, 0x0000000100000000)
  region size 1024K, 24 young (24576K), 12 survivors (12288K)
 Metaspace       used 58379K, committed 58944K, reserved 393216K
  class space    used 8080K, committed 8320K, reserved 327680K
GC Heap History (16 events):
Event: 2.041 GC heap before
{Heap before GC invocations=0 (full 0):
 garbage-first heap   total 262144K, used 13312K [0x00000000e0000000, 0x0000000100000000)
  region size 1024K, 13 young (13312K), 0 survivors (0K)
 Metaspace       used 787K, committed 896K, reserved 393216K
  class space    used 62K, committed 128K, reserved 327680K
}
Event: 2.045 GC heap after
{Heap after GC invocations=1 (full 0):
 garbage-first heap   total 262144K, used 1280K [0x00000000e0000000, 0x0000000100000000)
  region size 1024K, 2 young (2048K), 2 survivors (2048K)
 Metaspace       used 787K, committed 896K, reserved 393216K
  class space    used 62K, committed 128K, reserved 327680K
}
Event: 3.218 GC heap before
{Heap before GC invocations=1 (full 0):
 garbage-first heap   total 262144K, used 22784K [0x00000000e0000000, 0x0000000100000000)
  region size 1024K, 21 young (21504K), 2 survivors (2048K)
 Metaspace       used 1908K, committed 2112K, reserved 393216K
  class space    used 183K, committed 320K, reserved 327680K
}
Event: 3.223 GC heap after
{Heap after GC invocations=2 (full 0):
 garbage-first heap   total 262144K, used 9613K [0x00000000e0000000, 0x0000000100000000)
  region size 1024K, 3 young (3072K), 3 survivors (3072K)
 Metaspace       used 1908K, committed 2112K, reserved 393216K
  class space    used 183K, committed 320K, reserved 327680K
}
Event: 23.554 GC heap before
{Heap before GC invocations=2 (full 0):
 garbage-first heap   total 262144K, used 165261K [0x00000000e0000000, 0x0000000100000000)
  region size 1024K, 153 young (156672K), 3 survivors (3072K)
 Metaspace       used 17981K, committed 18304K, reserved 393216K
  class space    used 2576K, committed 2688K, reserved 327680K
}
Event: 23.621 GC heap after
{Heap after GC invocations=3 (full 0):
 garbage-first heap   total 262144K, used 21729K [0x00000000e0000000, 0x0000000100000000)
  region size 1024K, 14 young (14336K), 14 survivors (14336K)
 Metaspace       used 17981K, committed 18304K, reserved 393216K
  class space    used 2576K, committed 2688K, reserved 327680K
}
Event: 32.895 GC heap before
{Heap before GC invocations=3 (full 0):
 garbage-first heap   total 262144K, used 50401K [0x00000000e0000000, 0x0000000100000000)
  region size 1024K, 43 young (44032K), 14 survivors (14336K)
 Metaspace       used 21141K, committed 21504K, reserved 393216K
  class space    used 3077K, committed 3264K, reserved 327680K
}
Event: 32.926 GC heap after
{Heap after GC invocations=4 (full 0):
 garbage-first heap   total 262144K, used 24425K [0x00000000e0000000, 0x0000000100000000)
  region size 1024K, 3 young (3072K), 3 survivors (3072K)
 Metaspace       used 21141K, committed 21504K, reserved 393216K
  class space    used 3077K, committed 3264K, reserved 327680K
}
Event: 48.109 GC heap before
{Heap before GC invocations=5 (full 0):
 garbage-first heap   total 262144K, used 146281K [0x00000000e0000000, 0x0000000100000000)
  region size 1024K, 117 young (119808K), 3 survivors (3072K)
 Metaspace       used 35497K, committed 35968K, reserved 393216K
  class space    used 4876K, committed 5120K, reserved 327680K
}
Event: 48.194 GC heap after
{Heap after GC invocations=6 (full 0):
 garbage-first heap   total 262144K, used 34341K [0x00000000e0000000, 0x0000000100000000)
  region size 1024K, 12 young (12288K), 12 survivors (12288K)
 Metaspace       used 35497K, committed 35968K, reserved 393216K
  class space    used 4876K, committed 5120K, reserved 327680K
}
Event: 60.073 GC heap before
{Heap before GC invocations=7 (full 0):
 garbage-first heap   total 262144K, used 124453K [0x00000000e0000000, 0x0000000100000000)
  region size 1024K, 100 young (102400K), 12 survivors (12288K)
 Metaspace       used 42908K, committed 43456K, reserved 393216K
  class space    used 5988K, committed 6208K, reserved 327680K
}
Event: 60.113 GC heap after
{Heap after GC invocations=8 (full 0):
 garbage-first heap   total 262144K, used 35636K [0x00000000e0000000, 0x0000000100000000)
  region size 1024K, 4 young (4096K), 4 survivors (4096K)
 Metaspace       used 42908K, committed 43456K, reserved 393216K
  class space    used 5988K, committed 6208K, reserved 327680K
}
Event: 61.229 GC heap before
{Heap before GC invocations=8 (full 0):
 garbage-first heap   total 262144K, used 43828K [0x00000000e0000000, 0x0000000100000000)
  region size 1024K, 12 young (12288K), 4 survivors (4096K)
 Metaspace       used 43775K, committed 44288K, reserved 393216K
  class space    used 6142K, committed 6400K, reserved 327680K
}
Event: 61.258 GC heap after
{Heap after GC invocations=9 (full 0):
 garbage-first heap   total 262144K, used 36046K [0x00000000e0000000, 0x0000000100000000)
  region size 1024K, 1 young (1024K), 1 survivors (1024K)
 Metaspace       used 43775K, committed 44288K, reserved 393216K
  class space    used 6142K, committed 6400K, reserved 327680K
}
Event: 75.629 GC heap before
{Heap before GC invocations=9 (full 0):
 garbage-first heap   total 262144K, used 202958K [0x00000000e0000000, 0x0000000100000000)
  region size 1024K, 153 young (156672K), 1 survivors (1024K)
 Metaspace       used 57083K, committed 57728K, reserved 393216K
  class space    used 7866K, committed 8192K, reserved 327680K
}
Event: 75.776 GC heap after
{Heap after GC invocations=10 (full 0):
 garbage-first heap   total 262144K, used 59382K [0x00000000e0000000, 0x0000000100000000)
  region size 1024K, 12 young (12288K), 12 survivors (12288K)
 Metaspace       used 57083K, committed 57728K, reserved 393216K
  class space    used 7866K, committed 8192K, reserved 327680K
}

