# JRE version: OpenJDK Runtime Environment Microsoft-11369865 (17.0.15+6) (build 17.0.15+6-LTS)
# Java VM: OpenJDK 64-Bit Server VM Microsoft-11369865 (17.0.15+6-LTS, mixed mode, sharing, tiered, compressed oops, compressed class ptrs, g1 gc, windows-amd64)
GC Precious Log:
 CPUs: 4 total, 4 available
 Memory: 3852M
 Large Page Support: Disabled
 NUMA Support: Disabled
 Compressed Oops: Enabled (32-bit)
 Heap Region Size: 1M
 Heap Min Capacity: 256M
 Heap Initial Capacity: 256M
 Heap Max Capacity: 512M
 Pre-touch: Disabled
 Parallel Workers: 4
 Concurrent Workers: 1
 Concurrent Refinement Workers: 4
 Periodic GC: Disabled
Heap:
 garbage-first heap   total 262144K, used 81193K [0x00000000e0000000, 0x0000000100000000)
  region size 1024K, 22 young (22528K), 15 survivors (15360K)
 Metaspace       used 71630K, committed 72320K, reserved 393216K
  class space    used 9803K, committed 10112K, reserved 327680K
GC Heap History (20 events):
Event: 1.432 GC heap before
{Heap before GC invocations=0 (full 0):
 garbage-first heap   total 262144K, used 13312K [0x00000000e0000000, 0x0000000100000000)
  region size 1024K, 13 young (13312K), 0 survivors (0K)
 Metaspace       used 787K, committed 896K, reserved 393216K
  class space    used 62K, committed 128K, reserved 327680K
}
Event: 1.436 GC heap after
{Heap after GC invocations=1 (full 0):
 garbage-first heap   total 262144K, used 1280K [0x00000000e0000000, 0x0000000100000000)
  region size 1024K, 2 young (2048K), 2 survivors (2048K)
 Metaspace       used 787K, committed 896K, reserved 393216K
  class space    used 62K, committed 128K, reserved 327680K
}
Event: 3.234 GC heap before
{Heap before GC invocations=1 (full 0):
 garbage-first heap   total 262144K, used 22784K [0x00000000e0000000, 0x0000000100000000)
  region size 1024K, 21 young (21504K), 2 survivors (2048K)
 Metaspace       used 1894K, committed 2048K, reserved 393216K
  class space    used 182K, committed 256K, reserved 327680K
}
Event: 3.243 GC heap after
{Heap after GC invocations=2 (full 0):
 garbage-first heap   total 262144K, used 9620K [0x00000000e0000000, 0x0000000100000000)
  region size 1024K, 3 young (3072K), 3 survivors (3072K)
 Metaspace       used 1894K, committed 2048K, reserved 393216K
  class space    used 182K, committed 256K, reserved 327680K
}
Event: 18.026 GC heap before
{Heap before GC invocations=2 (full 0):
 garbage-first heap   total 262144K, used 165268K [0x00000000e0000000, 0x0000000100000000)
  region size 1024K, 153 young (156672K), 3 survivors (3072K)
 Metaspace       used 17873K, committed 18176K, reserved 393216K
  class space    used 2559K, committed 2688K, reserved 327680K
}
Event: 18.085 GC heap after
{Heap after GC invocations=3 (full 0):
 garbage-first heap   total 262144K, used 21519K [0x00000000e0000000, 0x0000000100000000)
  region size 1024K, 14 young (14336K), 14 survivors (14336K)
 Metaspace       used 17873K, committed 18176K, reserved 393216K
  class space    used 2559K, committed 2688K, reserved 327680K
}
Event: 22.884 GC heap before
{Heap before GC invocations=3 (full 0):
 garbage-first heap   total 262144K, used 51215K [0x00000000e0000000, 0x0000000100000000)
  region size 1024K, 45 young (46080K), 14 survivors (14336K)
 Metaspace       used 21188K, committed 21504K, reserved 393216K
  class space    used 3082K, committed 3264K, reserved 327680K
}
Event: 23.011 GC heap after
{Heap after GC invocations=4 (full 0):
 garbage-first heap   total 262144K, used 24405K [0x00000000e0000000, 0x0000000100000000)
  region size 1024K, 3 young (3072K), 3 survivors (3072K)
 Metaspace       used 21188K, committed 21504K, reserved 393216K
  class space    used 3082K, committed 3264K, reserved 327680K
}
Event: 31.775 GC heap before
{Heap before GC invocations=5 (full 0):
 garbage-first heap   total 262144K, used 145237K [0x00000000e0000000, 0x0000000100000000)
  region size 1024K, 116 young (118784K), 3 survivors (3072K)
 Metaspace       used 35528K, committed 35968K, reserved 393216K
  class space    used 4877K, committed 5120K, reserved 327680K
}
Event: 31.807 GC heap after
{Heap after GC invocations=6 (full 0):
 garbage-first heap   total 262144K, used 33811K [0x00000000e0000000, 0x0000000100000000)
  region size 1024K, 11 young (11264K), 11 survivors (11264K)
 Metaspace       used 35528K, committed 35968K, reserved 393216K
  class space    used 4877K, committed 5120K, reserved 327680K
}
Event: 34.720 GC heap before
{Heap before GC invocations=7 (full 0):
 garbage-first heap   total 262144K, used 126995K [0x00000000e0000000, 0x0000000100000000)
  region size 1024K, 102 young (104448K), 11 survivors (11264K)
 Metaspace       used 43225K, committed 43776K, reserved 393216K
  class space    used 6033K, committed 6272K, reserved 327680K
}
Event: 34.758 GC heap after
{Heap after GC invocations=8 (full 0):
 garbage-first heap   total 262144K, used 35996K [0x00000000e0000000, 0x0000000100000000)
  region size 1024K, 4 young (4096K), 4 survivors (4096K)
 Metaspace       used 43225K, committed 43776K, reserved 393216K
  class space    used 6033K, committed 6272K, reserved 327680K
}
Event: 41.603 GC heap before
{Heap before GC invocations=8 (full 0):
 garbage-first heap   total 262144K, used 199836K [0x00000000e0000000, 0x0000000100000000)
  region size 1024K, 153 young (156672K), 4 survivors (4096K)
 Metaspace       used 56476K, committed 57088K, reserved 393216K
  class space    used 7797K, committed 8128K, reserved 327680K
}
Event: 41.648 GC heap after
{Heap after GC invocations=9 (full 0):
 garbage-first heap   total 262144K, used 57500K [0x00000000e0000000, 0x0000000100000000)
  region size 1024K, 13 young (13312K), 13 survivors (13312K)
 Metaspace       used 56476K, committed 57088K, reserved 393216K
  class space    used 7797K, committed 8128K, reserved 327680K
}
Event: 43.126 GC heap before
{Heap before GC invocations=9 (full 0):
 garbage-first heap   total 262144K, used 94364K [0x00000000e0000000, 0x0000000100000000)
  region size 1024K, 50 young (51200K), 13 survivors (13312K)
 Metaspace       used 59972K, committed 60480K, reserved 393216K
  class space    used 8347K, committed 8576K, reserved 327680K
}
Event: 43.141 GC heap after
{Heap after GC invocations=10 (full 0):
 garbage-first heap   total 262144K, used 60891K [0x00000000e0000000, 0x0000000100000000)
  region size 1024K, 14 young (14336K), 14 survivors (14336K)
 Metaspace       used 59972K, committed 60480K, reserved 393216K
  class space    used 8347K, committed 8576K, reserved 327680K
}
Event: 50.918 GC heap before
{Heap before GC invocations=11 (full 0):
 garbage-first heap   total 262144K, used 203227K [0x00000000e0000000, 0x0000000100000000)
  region size 1024K, 153 young (156672K), 14 survivors (14336K)
 Metaspace       used 69295K, committed 70016K, reserved 393216K
  class space    used 9595K, committed 9920K, reserved 327680K
}
Event: 50.969 GC heap after
{Heap after GC invocations=12 (full 0):
 garbage-first heap   total 262144K, used 69001K [0x00000000e0000000, 0x0000000100000000)
  region size 1024K, 12 young (12288K), 12 survivors (12288K)
 Metaspace       used 69295K, committed 70016K, reserved 393216K
  class space    used 9595K, committed 9920K, reserved 327680K
}
Event: 57.657 GC heap before
{Heap before GC invocations=12 (full 0):
 garbage-first heap   total 262144K, used 209289K [0x00000000e0000000, 0x0000000100000000)
  region size 1024K, 149 young (152576K), 12 survivors (12288K)
 Metaspace       used 71197K, committed 71872K, reserved 393216K
  class space    used 9720K, committed 10048K, reserved 327680K
}
Event: 57.810 GC heap after
{Heap after GC invocations=13 (full 0):
 garbage-first heap   total 262144K, used 75049K [0x00000000e0000000, 0x0000000100000000)
  region size 1024K, 15 young (15360K), 15 survivors (15360K)
 Metaspace       used 71197K, committed 71872K, reserved 393216K
  class space    used 9720K, committed 10048K, reserved 327680K
}

