# JRE version: OpenJDK Runtime Environment Microsoft-11369865 (17.0.15+6) (build 17.0.15+6-LTS)
# Java VM: OpenJDK 64-Bit Server VM Microsoft-11369865 (17.0.15+6-LTS, mixed mode, sharing, tiered, compressed oops, compressed class ptrs, g1 gc, windows-amd64)
GC Precious Log:
 CPUs: 4 total, 4 available
 Memory: 3852M
 Large Page Support: Disabled
 NUMA Support: Disabled
 Compressed Oops: Enabled (32-bit)
 Heap Region Size: 1M
 Heap Min Capacity: 256M
 Heap Initial Capacity: 256M
 Heap Max Capacity: 512M
 Pre-touch: Disabled
 Parallel Workers: 4
 Concurrent Workers: 1
 Concurrent Refinement Workers: 4
 Periodic GC: Disabled
Heap:
 garbage-first heap   total 262144K, used 62814K [0x00000000e0000000, 0x0000000100000000)
  region size 1024K, 19 young (19456K), 16 survivors (16384K)
 Metaspace       used 60039K, committed 60608K, reserved 393216K
  class space    used 8376K, committed 8640K, reserved 327680K
GC Heap History (12 events):
Event: 2.606 GC heap before
{Heap before GC invocations=0 (full 0):
 garbage-first heap   total 262144K, used 13312K [0x00000000e0000000, 0x0000000100000000)
  region size 1024K, 13 young (13312K), 0 survivors (0K)
 Metaspace       used 788K, committed 896K, reserved 393216K
  class space    used 62K, committed 128K, reserved 327680K
}
Event: 2.664 GC heap after
{Heap after GC invocations=1 (full 0):
 garbage-first heap   total 262144K, used 1252K [0x00000000e0000000, 0x0000000100000000)
  region size 1024K, 2 young (2048K), 2 survivors (2048K)
 Metaspace       used 788K, committed 896K, reserved 393216K
  class space    used 62K, committed 128K, reserved 327680K
}
Event: 4.627 GC heap before
{Heap before GC invocations=1 (full 0):
 garbage-first heap   total 262144K, used 22756K [0x00000000e0000000, 0x0000000100000000)
  region size 1024K, 21 young (21504K), 2 survivors (2048K)
 Metaspace       used 1897K, committed 2112K, reserved 393216K
  class space    used 183K, committed 320K, reserved 327680K
}
Event: 4.649 GC heap after
{Heap after GC invocations=2 (full 0):
 garbage-first heap   total 262144K, used 9525K [0x00000000e0000000, 0x0000000100000000)
  region size 1024K, 3 young (3072K), 3 survivors (3072K)
 Metaspace       used 1897K, committed 2112K, reserved 393216K
  class space    used 183K, committed 320K, reserved 327680K
}
Event: 20.241 GC heap before
{Heap before GC invocations=2 (full 0):
 garbage-first heap   total 262144K, used 165173K [0x00000000e0000000, 0x0000000100000000)
  region size 1024K, 153 young (156672K), 3 survivors (3072K)
 Metaspace       used 17843K, committed 18176K, reserved 393216K
  class space    used 2559K, committed 2688K, reserved 327680K
}
Event: 20.299 GC heap after
{Heap after GC invocations=3 (full 0):
 garbage-first heap   total 262144K, used 21535K [0x00000000e0000000, 0x0000000100000000)
  region size 1024K, 14 young (14336K), 14 survivors (14336K)
 Metaspace       used 17843K, committed 18176K, reserved 393216K
  class space    used 2559K, committed 2688K, reserved 327680K
}
Event: 21.709 GC heap before
{Heap before GC invocations=3 (full 0):
 garbage-first heap   total 262144K, used 52255K [0x00000000e0000000, 0x0000000100000000)
  region size 1024K, 45 young (46080K), 14 survivors (14336K)
 Metaspace       used 21155K, committed 21504K, reserved 393216K
  class space    used 3080K, committed 3264K, reserved 327680K
}
Event: 21.733 GC heap after
{Heap after GC invocations=4 (full 0):
 garbage-first heap   total 262144K, used 24218K [0x00000000e0000000, 0x0000000100000000)
  region size 1024K, 3 young (3072K), 3 survivors (3072K)
 Metaspace       used 21155K, committed 21504K, reserved 393216K
  class space    used 3080K, committed 3264K, reserved 327680K
}
Event: 26.253 GC heap before
{Heap before GC invocations=5 (full 0):
 garbage-first heap   total 262144K, used 144026K [0x00000000e0000000, 0x0000000100000000)
  region size 1024K, 115 young (117760K), 3 survivors (3072K)
 Metaspace       used 35467K, committed 35968K, reserved 393216K
  class space    used 4875K, committed 5120K, reserved 327680K
}
Event: 26.280 GC heap after
{Heap after GC invocations=6 (full 0):
 garbage-first heap   total 262144K, used 34108K [0x00000000e0000000, 0x0000000100000000)
  region size 1024K, 12 young (12288K), 12 survivors (12288K)
 Metaspace       used 35467K, committed 35968K, reserved 393216K
  class space    used 4875K, committed 5120K, reserved 327680K
}
Event: 30.391 GC heap before
{Heap before GC invocations=7 (full 0):
 garbage-first heap   total 262144K, used 178492K [0x00000000e0000000, 0x0000000100000000)
  region size 1024K, 153 young (156672K), 12 survivors (12288K)
 Metaspace       used 47642K, committed 48256K, reserved 393216K
  class space    used 6717K, committed 7040K, reserved 327680K
}
Event: 30.410 GC heap after
{Heap after GC invocations=8 (full 0):
 garbage-first heap   total 262144K, used 39128K [0x00000000e0000000, 0x0000000100000000)
  region size 1024K, 16 young (16384K), 16 survivors (16384K)
 Metaspace       used 47642K, committed 48256K, reserved 393216K
  class space    used 6717K, committed 7040K, reserved 327680K
}

