# JRE version: OpenJDK Runtime Environment Microsoft-11369865 (17.0.15+6) (build 17.0.15+6-LTS)
# Java VM: OpenJDK 64-Bit Server VM Microsoft-11369865 (17.0.15+6-LTS, mixed mode, emulated-client, sharing, tiered, compressed oops, compressed class ptrs, g1 gc, windows-amd64)
GC Precious Log:
 CPUs: 4 total, 4 available
 Memory: 3852M
 Large Page Support: Disabled
 NUMA Support: Disabled
 Compressed Oops: Enabled (32-bit)
 Heap Region Size: 1M
 Heap Min Capacity: 8M
 Heap Initial Capacity: 62M
 Heap Max Capacity: 964M
 Pre-touch: Disabled
 Parallel Workers: 4
 Concurrent Workers: 1
 Concurrent Refinement Workers: 4
 Periodic GC: Disabled
Heap:
 garbage-first heap   total 83968K, used 44389K [0x00000000c3c00000, 0x0000000100000000)
  region size 1024K, 2 young (2048K), 2 survivors (2048K)
 Metaspace       used 75268K, committed 75840K, reserved 1179648K
  class space    used 10737K, committed 11008K, reserved 1048576K
GC Heap History (20 events):
Event: 9.309 GC heap after
{Heap after GC invocations=12 (full 0):
 garbage-first heap   total 83968K, used 23421K [0x00000000c3c00000, 0x0000000100000000)
  region size 1024K, 2 young (2048K), 2 survivors (2048K)
 Metaspace       used 35766K, committed 36160K, reserved 1114112K
  class space    used 4881K, committed 5056K, reserved 1048576K
}
Event: 11.372 GC heap before
{Heap before GC invocations=13 (full 0):
 garbage-first heap   total 83968K, used 62333K [0x00000000c3c00000, 0x0000000100000000)
  region size 1024K, 41 young (41984K), 2 survivors (2048K)
 Metaspace       used 41348K, committed 41728K, reserved 1114112K
  class space    used 5642K, committed 5824K, reserved 1048576K
}
Event: 11.420 GC heap after
{Heap after GC invocations=14 (full 0):
 garbage-first heap   total 83968K, used 26453K [0x00000000c3c00000, 0x0000000100000000)
  region size 1024K, 5 young (5120K), 5 survivors (5120K)
 Metaspace       used 41348K, committed 41728K, reserved 1114112K
  class space    used 5642K, committed 5824K, reserved 1048576K
}
Event: 11.497 GC heap before
{Heap before GC invocations=14 (full 0):
 garbage-first heap   total 83968K, used 27477K [0x00000000c3c00000, 0x0000000100000000)
  region size 1024K, 6 young (6144K), 5 survivors (5120K)
 Metaspace       used 41526K, committed 41984K, reserved 1114112K
  class space    used 5656K, committed 5888K, reserved 1048576K
}
Event: 11.508 GC heap after
{Heap after GC invocations=15 (full 0):
 garbage-first heap   total 83968K, used 26225K [0x00000000c3c00000, 0x0000000100000000)
  region size 1024K, 1 young (1024K), 1 survivors (1024K)
 Metaspace       used 41526K, committed 41984K, reserved 1114112K
  class space    used 5656K, committed 5888K, reserved 1048576K
}
Event: 13.741 GC heap before
{Heap before GC invocations=15 (full 0):
 garbage-first heap   total 83968K, used 64113K [0x00000000c3c00000, 0x0000000100000000)
  region size 1024K, 38 young (38912K), 1 survivors (1024K)
 Metaspace       used 47448K, committed 47936K, reserved 1114112K
  class space    used 6527K, committed 6784K, reserved 1048576K
}
Event: 13.806 GC heap after
{Heap after GC invocations=16 (full 0):
 garbage-first heap   total 83968K, used 27527K [0x00000000c3c00000, 0x0000000100000000)
  region size 1024K, 2 young (2048K), 2 survivors (2048K)
 Metaspace       used 47448K, committed 47936K, reserved 1114112K
  class space    used 6527K, committed 6784K, reserved 1048576K
}
Event: 19.156 GC heap before
{Heap before GC invocations=16 (full 0):
 garbage-first heap   total 83968K, used 65415K [0x00000000c3c00000, 0x0000000100000000)
  region size 1024K, 39 young (39936K), 2 survivors (2048K)
 Metaspace       used 54845K, committed 55360K, reserved 1114112K
  class space    used 7622K, committed 7872K, reserved 1048576K
}
Event: 19.177 GC heap after
{Heap after GC invocations=17 (full 0):
 garbage-first heap   total 83968K, used 29004K [0x00000000c3c00000, 0x0000000100000000)
  region size 1024K, 4 young (4096K), 4 survivors (4096K)
 Metaspace       used 54845K, committed 55360K, reserved 1114112K
  class space    used 7622K, committed 7872K, reserved 1048576K
}
Event: 22.086 GC heap before
{Heap before GC invocations=17 (full 0):
 garbage-first heap   total 83968K, used 56652K [0x00000000c3c00000, 0x0000000100000000)
  region size 1024K, 33 young (33792K), 4 survivors (4096K)
 Metaspace       used 60000K, committed 60480K, reserved 1114112K
  class space    used 8385K, committed 8640K, reserved 1048576K
}
Event: 22.132 GC heap after
{Heap after GC invocations=18 (full 0):
 garbage-first heap   total 83968K, used 30455K [0x00000000c3c00000, 0x0000000100000000)
  region size 1024K, 3 young (3072K), 3 survivors (3072K)
 Metaspace       used 60000K, committed 60480K, reserved 1114112K
  class space    used 8385K, committed 8640K, reserved 1048576K
}
Event: 26.321 GC heap before
{Heap before GC invocations=19 (full 0):
 garbage-first heap   total 83968K, used 67319K [0x00000000c3c00000, 0x0000000100000000)
  region size 1024K, 39 young (39936K), 3 survivors (3072K)
 Metaspace       used 64139K, committed 64704K, reserved 1114112K
  class space    used 9134K, committed 9408K, reserved 1048576K
}
Event: 26.375 GC heap after
{Heap after GC invocations=20 (full 0):
 garbage-first heap   total 83968K, used 31357K [0x00000000c3c00000, 0x0000000100000000)
  region size 1024K, 3 young (3072K), 3 survivors (3072K)
 Metaspace       used 64139K, committed 64704K, reserved 1114112K
  class space    used 9134K, committed 9408K, reserved 1048576K
}
Event: 36.186 GC heap before
{Heap before GC invocations=20 (full 0):
 garbage-first heap   total 83968K, used 67197K [0x00000000c3c00000, 0x0000000100000000)
  region size 1024K, 38 young (38912K), 3 survivors (3072K)
 Metaspace       used 69577K, committed 70144K, reserved 1114112K
  class space    used 9926K, committed 10176K, reserved 1048576K
}
Event: 36.235 GC heap after
{Heap after GC invocations=21 (full 0):
 garbage-first heap   total 83968K, used 33922K [0x00000000c3c00000, 0x0000000100000000)
  region size 1024K, 5 young (5120K), 5 survivors (5120K)
 Metaspace       used 69577K, committed 70144K, reserved 1114112K
  class space    used 9926K, committed 10176K, reserved 1048576K
}
Event: 42.241 GC heap before
{Heap before GC invocations=21 (full 0):
 garbage-first heap   total 83968K, used 67714K [0x00000000c3c00000, 0x0000000100000000)
  region size 1024K, 38 young (38912K), 5 survivors (5120K)
 Metaspace       used 72517K, committed 73088K, reserved 1114112K
  class space    used 10379K, committed 10624K, reserved 1048576K
}
Event: 42.304 GC heap after
{Heap after GC invocations=22 (full 0):
 garbage-first heap   total 83968K, used 38256K [0x00000000c3c00000, 0x0000000100000000)
  region size 1024K, 5 young (5120K), 5 survivors (5120K)
 Metaspace       used 72517K, committed 73088K, reserved 1114112K
  class space    used 10379K, committed 10624K, reserved 1048576K
}
Event: 43.994 GC heap before
{Heap before GC invocations=22 (full 0):
 garbage-first heap   total 83968K, used 66928K [0x00000000c3c00000, 0x0000000100000000)
  region size 1024K, 33 young (33792K), 5 survivors (5120K)
 Metaspace       used 73083K, committed 73664K, reserved 1114112K
  class space    used 10431K, committed 10688K, reserved 1048576K
}
Event: 44.033 GC heap after
{Heap after GC invocations=23 (full 0):
 garbage-first heap   total 83968K, used 42574K [0x00000000c3c00000, 0x0000000100000000)
  region size 1024K, 5 young (5120K), 5 survivors (5120K)
 Metaspace       used 73083K, committed 73664K, reserved 1114112K
  class space    used 10431K, committed 10688K, reserved 1048576K
}
Event: 45.676 GC heap before
{Heap before GC invocations=23 (full 0):
 garbage-first heap   total 83968K, used 65102K [0x00000000c3c00000, 0x0000000100000000)
  region size 1024K, 27 young (27648K), 5 survivors (5120K)
 Metaspace       used 75268K, committed 75840K, reserved 1179648K
  class space    used 10737K, committed 11008K, reserved 1048576K
}

